[debug] [2021-10-23T15:57:41.404Z] ----------------------------------------------------------------------
[debug] [2021-10-23T15:57:41.406Z] Command:       C:\Program Files\nodejs\node.exe C:\Users\datta\AppData\Roaming\npm\node_modules\firebase-tools\lib\bin\firebase.js init
[debug] [2021-10-23T15:57:41.407Z] CLI Version:   9.21.0
[debug] [2021-10-23T15:57:41.407Z] Platform:      win32
[debug] [2021-10-23T15:57:41.407Z] Node Version:  v14.17.0
[debug] [2021-10-23T15:57:41.408Z] Time:          Sat Oct 23 2021 22:57:41 GMT+0700 (Indochina Time)
[debug] [2021-10-23T15:57:41.408Z] ----------------------------------------------------------------------
[debug] 
[debug] [2021-10-23T15:57:41.415Z] > command requires scopes: ["email","openid","https://www.googleapis.com/auth/cloudplatformprojects.readonly","https://www.googleapis.com/auth/firebase","https://www.googleapis.com/auth/cloud-platform"]
[debug] [2021-10-23T15:57:41.415Z] > authorizing via signed-in user (dattajunior@gmail.com)
[info] 
     ######## #### ########  ######## ########     ###     ######  ########
     ##        ##  ##     ## ##       ##     ##  ##   ##  ##       ##
     ######    ##  ########  ######   ########  #########  ######  ######
     ##        ##  ##    ##  ##       ##     ## ##     ##       ## ##
     ##       #### ##     ## ######## ########  ##     ##  ######  ########

You're about to initialize a Firebase project in this directory:

  D:\IT\sharkpunks

[info] 
=== Project Setup
[info] 
[info] First, let's associate this project directory with a Firebase project.
[info] You can create multiple project aliases by running firebase use --add, 
[info] but for now we'll just set up a default project.
[info] 
[debug] [2021-10-23T15:58:18.497Z] > refreshing access token with scopes: []
[debug] [2021-10-23T15:58:18.497Z] >>> HTTP REQUEST POST https://www.googleapis.com/oauth2/v3/token  
 <request body omitted>
[debug] [2021-10-23T15:58:19.025Z] <<< HTTP RESPONSE 200 {"cache-control":"no-cache, no-store, max-age=0, must-revalidate","date":"Sat, 23 Oct 2021 15:58:19 GMT","expires":"Mon, 01 Jan 1990 00:00:00 GMT","pragma":"no-cache","content-type":"application/json; charset=utf-8","vary":"X-Origin, Referer, Origin,Accept-Encoding","server":"scaffolding on HTTPServer2","x-xss-protection":"0","x-frame-options":"SAMEORIGIN","x-content-type-options":"nosniff","alt-svc":"h3=\":443\"; ma=2592000,h3-29=\":443\"; ma=2592000,h3-Q050=\":443\"; ma=2592000,h3-Q046=\":443\"; ma=2592000,h3-Q043=\":443\"; ma=2592000","accept-ranges":"none","transfer-encoding":"chunked"}
[debug] [2021-10-23T15:58:19.054Z] >>> [apiv2][query] GET https://firebase.googleapis.com/v1beta1/projects pageSize=100
[debug] [2021-10-23T15:58:19.928Z] <<< [apiv2][status] GET https://firebase.googleapis.com/v1beta1/projects 200
[debug] [2021-10-23T15:58:19.928Z] <<< [apiv2][body] GET https://firebase.googleapis.com/v1beta1/projects [omitted]
